<?xml version="1.0" encoding="UTF-8"?>
<!-- Generated by org.testng.reporters.JUnitReportReporter -->
<testsuite skipped="0" hostname="LAPTOP-UHFNO702" name="test.LoginTest" tests="5" failures="0" timestamp="2021-02-02T22:20:28 EST" time="44.139" errors="0">
  <testcase name="userWithValidCredentialsShouldBeAbleToLogin" time="9.811" classname="test.LoginTest"/>
  <system-out/>
  <testcase name="userWithInvalidPasswordShouldNotBeAbleToLogin" time="11.468" classname="test.LoginTest"/>
  <system-out/>
  <testcase name="userWithInvalidUsernameShouldNotBeAbleToLogin" time="7.054" classname="test.LoginTest"/>
  <system-out/>
  <testcase name="userWithValidEmailShouldBeAbleToResetPassword" time="8.369" classname="test.LoginTest"/>
  <system-out/>
  <testcase name="userWithInvalidEmailShouldNotBeAbleToResetPassword" time="7.437" classname="test.LoginTest"/>
  <system-out/>
</testsuite> <!-- test.LoginTest -->
