<?xml version="1.0" encoding="UTF-8"?>
<!-- Generated by org.testng.reporters.JUnitReportReporter -->
<testsuite skipped="0" hostname="LAPTOP-UHFNO702" name="test.LoginTest" tests="5" failures="0" timestamp="2021-02-02T22:45:43 EST" time="41.731" errors="0">
  <testcase name="userWithValidCredentialsShouldBeAbleToLogin" time="12.191" classname="test.LoginTest"/>
  <system-out/>
  <testcase name="userWithInvalidPasswordShouldNotBeAbleToLogin" time="7.235" classname="test.LoginTest"/>
  <system-out/>
  <testcase name="userWithInvalidUsernameShouldNotBeAbleToLogin" time="6.937" classname="test.LoginTest"/>
  <system-out/>
  <testcase name="userWithValidEmailShouldBeAbleToResetPassword" time="7.797" classname="test.LoginTest"/>
  <system-out/>
  <testcase name="userWithInvalidEmailShouldNotBeAbleToResetPassword" time="7.571" classname="test.LoginTest"/>
  <system-out/>
</testsuite> <!-- test.LoginTest -->
